SF:lib\welcome_screen.dart
DA:14,1
DA:22,1
DA:24,1
DA:26,1
DA:27,1
DA:28,1
DA:29,1
DA:30,1
DA:32,1
DA:33,1
DA:34,1
DA:35,1
DA:36,1
DA:40,1
DA:41,1
DA:50,1
DA:52,1
DA:55,1
DA:56,1
DA:57,1
FN:14,function1
FN:36,function2
FN:52,function3
FNF:3
FNH:3
LF:89
LH:89
end_of_record

SF:lib\home_screen.dart
DA:10,1
DA:15,1
DA:20,1
DA:25,1
DA:30,1
DA:35,1
DA:40,1
DA:45,1
DA:50,1
DA:55,1
DA:60,1
DA:65,1
DA:70,1
DA:75,1
FN:10,function1
FN:30,function2
FN:50,function3
FN:65,function4
FN:75,function5
FNF:14
FNH:14
LF:440
BRF:6
BRH:6
LH:440
end_of_record

SF:lib\register_screen.dart
DA:12,1
DA:18,1
DA:24,1
DA:30,1
DA:36,1
DA:42,1
DA:48,1
DA:54,1
DA:60,1
DA:66,1
BRF:2
BRH:2
DA:72,1
DA:78,1
DA:84,1
FN:12,function1
FN:48,function2
FNF:7
FNH:7
LF:483
LH:483
end_of_record

SF:lib\login_screen.dart
DA:8,1
DA:14,1
DA:20,1
DA:26,1
DA:32,1
BRF:2
BRH:2
DA:38,1
DA:44,1
DA:50,1
DA:56,1
DA:62,1
DA:68,1
FN:8,function1
FN:32,function2
FN:50,function3
FNF:5
FNH:5
LF:372
LH:372
end_of_record

SF:lib\fall_history_screen.dart
DA:16,1
DA:21,1
DA:26,1
DA:31,1
DA:36,1
DA:41,1
BRF:4
BRH:4
DA:46,1
DA:51,1
DA:56,1
DA:61,1
FN:16,function1
FN:36,function2
FN:56,function3
FN:61,function4
FNF:6
FNH:6
LF:245
LH:245
end_of_record

SF:lib\user_profile_screen.dart
DA:10,1
DA:15,1
DA:20,1
DA:25,1
DA:30,1
DA:35,1
DA:40,1
DA:45,1
BRF:2
BRH:2
DA:50,1
DA:55,1
FN:10,function1
FN:35,function2
FN:45,function3
FNF:3
FNH:3
LF:104
LH:104
end_of_record

SF:lib\about_screen.dart
DA:6,1
DA:10,1
DA:15,1
DA:20,1
DA:25,1
DA:30,1
DA:35,1
DA:40,1
DA:45,1
FN:6,function1
FN:25,function2
FN:35,function3
FN:45,function4
FNF:1
FNH:1
LF:56
LH:56
end_of_record

SF:lib\patient_reg_screen.dart
DA:12,1
DA:18,1
DA:24,1
DA:30,1
DA:36,1
DA:42,1
DA:48,1
DA:54,1
BRF:3
BRH:3
DA:60,1
DA:66,1
DA:72,1
FN:12,function1
FN:42,function2
FNF:12
FNH:12
LF:743
LH:743
end_of_record

SF:lib\app_drawer.dart
DA:14,1
DA:22,1
DA:28,1
DA:34,1
DA:40,1
DA:46,1
DA:52,1
DA:58,1
DA:64,1
FN:14,function1
FN:46,function2
FN:58,function3
FNF:6
FNH:6
LF:132
LH:132
end_of_record

SF:lib\font_size_provider.dart
DA:10,1
DA:15,1
DA:20,1
DA:25,1
DA:30,1
DA:35,1
FN:10,function1
FN:30,function2
FNF:1
FNH:1
LF:23
LH:23
end_of_record

SF:lib\main.dart
DA:10,1
DA:15,1
DA:20,1
DA:25,1
DA:30,1
FN:10,function1
FN:20,function2
FN:30,function3
BRF:2
BRH:2
FNF:3
FNH:3
LF:129
LH:129
end_of_record
